<?xml version="1.0" encoding="UTF-8"?>
<testsuite xmlns:xsi="http://www.w3.org/2001/XMLSchema-instance" xsi:noNamespaceSchemaLocation="https://maven.apache.org/surefire/maven-surefire-plugin/xsd/surefire-test-report-3.0.xsd" version="3.0" name="com.shop.SpringbootWebApplicationTests" time="0.032" tests="3" errors="0" skipped="0" failures="0">
  <properties>
    <property name="java.specification.version" value="18"/>
    <property name="sun.cpu.isalist" value="amd64"/>
    <property name="sun.jnu.encoding" value="GBK"/>
    <property name="java.class.path" value="D:\github\Online_shop\springboot-web\target\test-classes;D:\github\Online_shop\springboot-web\target\classes;C:\Users\SINGOR\.m2\repository\org\springframework\boot\spring-boot-starter-web\3.1.7-SNAPSHOT\spring-boot-starter-web-3.1.7-SNAPSHOT.jar;C:\Users\SINGOR\.m2\repository\org\springframework\boot\spring-boot-starter\3.1.7-SNAPSHOT\spring-boot-starter-3.1.7-SNAPSHOT.jar;C:\Users\SINGOR\.m2\repository\org\springframework\boot\spring-boot\3.1.7-SNAPSHOT\spring-boot-3.1.7-SNAPSHOT.jar;C:\Users\SINGOR\.m2\repository\org\springframework\boot\spring-boot-autoconfigure\3.1.7-SNAPSHOT\spring-boot-autoconfigure-3.1.7-SNAPSHOT.jar;C:\Users\SINGOR\.m2\repository\org\springframework\boot\spring-boot-starter-logging\3.1.7-SNAPSHOT\spring-boot-starter-logging-3.1.7-SNAPSHOT.jar;C:\Users\SINGOR\.m2\repository\ch\qos\logback\logback-classic\1.4.11\logback-classic-1.4.11.jar;C:\Users\SINGOR\.m2\repository\ch\qos\logback\logback-core\1.4.11\logback-core-1.4.11.jar;C:\Users\SINGOR\.m2\repository\org\apache\logging\log4j\log4j-to-slf4j\2.20.0\log4j-to-slf4j-2.20.0.jar;C:\Users\SINGOR\.m2\repository\org\apache\logging\log4j\log4j-api\2.20.0\log4j-api-2.20.0.jar;C:\Users\SINGOR\.m2\repository\org\slf4j\jul-to-slf4j\2.0.9\jul-to-slf4j-2.0.9.jar;C:\Users\SINGOR\.m2\repository\jakarta\annotation\jakarta.annotation-api\2.1.1\jakarta.annotation-api-2.1.1.jar;C:\Users\SINGOR\.m2\repository\org\yaml\snakeyaml\1.33\snakeyaml-1.33.jar;C:\Users\SINGOR\.m2\repository\org\springframework\boot\spring-boot-starter-json\3.1.7-SNAPSHOT\spring-boot-starter-json-3.1.7-SNAPSHOT.jar;C:\Users\SINGOR\.m2\repository\com\fasterxml\jackson\datatype\jackson-datatype-jdk8\2.15.3\jackson-datatype-jdk8-2.15.3.jar;C:\Users\SINGOR\.m2\repository\com\fasterxml\jackson\datatype\jackson-datatype-jsr310\2.15.3\jackson-datatype-jsr310-2.15.3.jar;C:\Users\SINGOR\.m2\repository\com\fasterxml\jackson\module\jackson-module-parameter-names\2.15.3\jackson-module-parameter-names-2.15.3.jar;C:\Users\SINGOR\.m2\repository\org\springframework\boot\spring-boot-starter-tomcat\3.1.7-SNAPSHOT\spring-boot-starter-tomcat-3.1.7-SNAPSHOT.jar;C:\Users\SINGOR\.m2\repository\org\apache\tomcat\embed\tomcat-embed-core\10.1.16\tomcat-embed-core-10.1.16.jar;C:\Users\SINGOR\.m2\repository\org\apache\tomcat\embed\tomcat-embed-el\10.1.16\tomcat-embed-el-10.1.16.jar;C:\Users\SINGOR\.m2\repository\org\apache\tomcat\embed\tomcat-embed-websocket\10.1.16\tomcat-embed-websocket-10.1.16.jar;C:\Users\SINGOR\.m2\repository\org\springframework\spring-web\6.0.15-SNAPSHOT\spring-web-6.0.15-SNAPSHOT.jar;C:\Users\SINGOR\.m2\repository\org\springframework\spring-beans\6.0.15-SNAPSHOT\spring-beans-6.0.15-SNAPSHOT.jar;C:\Users\SINGOR\.m2\repository\io\micrometer\micrometer-observation\1.11.7-SNAPSHOT\micrometer-observation-1.11.7-SNAPSHOT.jar;C:\Users\SINGOR\.m2\repository\io\micrometer\micrometer-commons\1.11.7-SNAPSHOT\micrometer-commons-1.11.7-SNAPSHOT.jar;C:\Users\SINGOR\.m2\repository\org\springframework\spring-webmvc\6.0.15-SNAPSHOT\spring-webmvc-6.0.15-SNAPSHOT.jar;C:\Users\SINGOR\.m2\repository\org\springframework\spring-aop\6.0.15-SNAPSHOT\spring-aop-6.0.15-SNAPSHOT.jar;C:\Users\SINGOR\.m2\repository\org\springframework\spring-context\6.0.15-SNAPSHOT\spring-context-6.0.15-SNAPSHOT.jar;C:\Users\SINGOR\.m2\repository\org\springframework\spring-expression\6.0.15-SNAPSHOT\spring-expression-6.0.15-SNAPSHOT.jar;C:\Users\SINGOR\.m2\repository\org\mybatis\spring\boot\mybatis-spring-boot-starter\3.0.2\mybatis-spring-boot-starter-3.0.2.jar;C:\Users\SINGOR\.m2\repository\org\springframework\boot\spring-boot-starter-jdbc\3.1.7-SNAPSHOT\spring-boot-starter-jdbc-3.1.7-SNAPSHOT.jar;C:\Users\SINGOR\.m2\repository\com\zaxxer\HikariCP\5.0.1\HikariCP-5.0.1.jar;C:\Users\SINGOR\.m2\repository\org\springframework\spring-jdbc\6.0.15-SNAPSHOT\spring-jdbc-6.0.15-SNAPSHOT.jar;C:\Users\SINGOR\.m2\repository\org\mybatis\spring\boot\mybatis-spring-boot-autoconfigure\3.0.2\mybatis-spring-boot-autoconfigure-3.0.2.jar;C:\Users\SINGOR\.m2\repository\org\mybatis\mybatis\3.5.13\mybatis-3.5.13.jar;C:\Users\SINGOR\.m2\repository\org\mybatis\mybatis-spring\3.0.2\mybatis-spring-3.0.2.jar;C:\Users\SINGOR\.m2\repository\com\mysql\mysql-connector-j\8.0.33\mysql-connector-j-8.0.33.jar;C:\Users\SINGOR\.m2\repository\org\projectlombok\lombok\1.18.30\lombok-1.18.30.jar;C:\Users\SINGOR\.m2\repository\org\springframework\boot\spring-boot-starter-test\3.1.7-SNAPSHOT\spring-boot-starter-test-3.1.7-SNAPSHOT.jar;C:\Users\SINGOR\.m2\repository\org\springframework\boot\spring-boot-test\3.1.7-SNAPSHOT\spring-boot-test-3.1.7-SNAPSHOT.jar;C:\Users\SINGOR\.m2\repository\org\springframework\boot\spring-boot-test-autoconfigure\3.1.7-SNAPSHOT\spring-boot-test-autoconfigure-3.1.7-SNAPSHOT.jar;C:\Users\SINGOR\.m2\repository\com\jayway\jsonpath\json-path\2.8.0\json-path-2.8.0.jar;C:\Users\SINGOR\.m2\repository\org\slf4j\slf4j-api\2.0.9\slf4j-api-2.0.9.jar;C:\Users\SINGOR\.m2\repository\jakarta\xml\bind\jakarta.xml.bind-api\4.0.1\jakarta.xml.bind-api-4.0.1.jar;C:\Users\SINGOR\.m2\repository\jakarta\activation\jakarta.activation-api\2.1.2\jakarta.activation-api-2.1.2.jar;C:\Users\SINGOR\.m2\repository\net\minidev\json-smart\2.4.11\json-smart-2.4.11.jar;C:\Users\SINGOR\.m2\repository\net\minidev\accessors-smart\2.4.11\accessors-smart-2.4.11.jar;C:\Users\SINGOR\.m2\repository\org\ow2\asm\asm\9.3\asm-9.3.jar;C:\Users\SINGOR\.m2\repository\org\assertj\assertj-core\3.24.2\assertj-core-3.24.2.jar;C:\Users\SINGOR\.m2\repository\net\bytebuddy\byte-buddy\1.14.10\byte-buddy-1.14.10.jar;C:\Users\SINGOR\.m2\repository\org\hamcrest\hamcrest\2.2\hamcrest-2.2.jar;C:\Users\SINGOR\.m2\repository\org\junit\jupiter\junit-jupiter\5.9.3\junit-jupiter-5.9.3.jar;C:\Users\SINGOR\.m2\repository\org\junit\jupiter\junit-jupiter-api\5.9.3\junit-jupiter-api-5.9.3.jar;C:\Users\SINGOR\.m2\repository\org\opentest4j\opentest4j\1.2.0\opentest4j-1.2.0.jar;C:\Users\SINGOR\.m2\repository\org\junit\platform\junit-platform-commons\1.9.3\junit-platform-commons-1.9.3.jar;C:\Users\SINGOR\.m2\repository\org\apiguardian\apiguardian-api\1.1.2\apiguardian-api-1.1.2.jar;C:\Users\SINGOR\.m2\repository\org\junit\jupiter\junit-jupiter-params\5.9.3\junit-jupiter-params-5.9.3.jar;C:\Users\SINGOR\.m2\repository\org\junit\jupiter\junit-jupiter-engine\5.9.3\junit-jupiter-engine-5.9.3.jar;C:\Users\SINGOR\.m2\repository\org\junit\platform\junit-platform-engine\1.9.3\junit-platform-engine-1.9.3.jar;C:\Users\SINGOR\.m2\repository\org\mockito\mockito-core\5.3.1\mockito-core-5.3.1.jar;C:\Users\SINGOR\.m2\repository\net\bytebuddy\byte-buddy-agent\1.14.10\byte-buddy-agent-1.14.10.jar;C:\Users\SINGOR\.m2\repository\org\objenesis\objenesis\3.3\objenesis-3.3.jar;C:\Users\SINGOR\.m2\repository\org\mockito\mockito-junit-jupiter\5.3.1\mockito-junit-jupiter-5.3.1.jar;C:\Users\SINGOR\.m2\repository\org\skyscreamer\jsonassert\1.5.1\jsonassert-1.5.1.jar;C:\Users\SINGOR\.m2\repository\com\vaadin\external\google\android-json\0.0.20131108.vaadin1\android-json-0.0.20131108.vaadin1.jar;C:\Users\SINGOR\.m2\repository\org\springframework\spring-core\6.0.15-SNAPSHOT\spring-core-6.0.15-SNAPSHOT.jar;C:\Users\SINGOR\.m2\repository\org\springframework\spring-jcl\6.0.15-SNAPSHOT\spring-jcl-6.0.15-SNAPSHOT.jar;C:\Users\SINGOR\.m2\repository\org\springframework\spring-test\6.0.15-SNAPSHOT\spring-test-6.0.15-SNAPSHOT.jar;C:\Users\SINGOR\.m2\repository\org\xmlunit\xmlunit-core\2.9.1\xmlunit-core-2.9.1.jar;C:\Users\SINGOR\.m2\repository\org\mybatis\spring\boot\mybatis-spring-boot-starter-test\3.0.2\mybatis-spring-boot-starter-test-3.0.2.jar;C:\Users\SINGOR\.m2\repository\org\mybatis\spring\boot\mybatis-spring-boot-test-autoconfigure\3.0.2\mybatis-spring-boot-test-autoconfigure-3.0.2.jar;C:\Users\SINGOR\.m2\repository\org\springframework\spring-tx\6.0.15-SNAPSHOT\spring-tx-6.0.15-SNAPSHOT.jar;C:\Users\SINGOR\.m2\repository\io\jsonwebtoken\jjwt\0.9.1\jjwt-0.9.1.jar;C:\Users\SINGOR\.m2\repository\com\fasterxml\jackson\core\jackson-databind\2.15.3\jackson-databind-2.15.3.jar;C:\Users\SINGOR\.m2\repository\com\fasterxml\jackson\core\jackson-annotations\2.15.3\jackson-annotations-2.15.3.jar;C:\Users\SINGOR\.m2\repository\com\fasterxml\jackson\core\jackson-core\2.15.3\jackson-core-2.15.3.jar;C:\Users\SINGOR\.m2\repository\javax\xml\bind\jaxb-api\2.3.1\jaxb-api-2.3.1.jar;C:\Users\SINGOR\.m2\repository\javax\activation\javax.activation-api\1.2.0\javax.activation-api-1.2.0.jar;C:\Users\SINGOR\.m2\repository\com\alibaba\fastjson\2.0.32\fastjson-2.0.32.jar;C:\Users\SINGOR\.m2\repository\com\alibaba\fastjson2\fastjson2-extension\2.0.32\fastjson2-extension-2.0.32.jar;C:\Users\SINGOR\.m2\repository\com\alibaba\fastjson2\fastjson2\2.0.32\fastjson2-2.0.32.jar;C:\Users\SINGOR\.m2\repository\org\springframework\boot\spring-boot-starter-mail\3.1.7-SNAPSHOT\spring-boot-starter-mail-3.1.7-SNAPSHOT.jar;C:\Users\SINGOR\.m2\repository\org\springframework\spring-context-support\6.0.15-SNAPSHOT\spring-context-support-6.0.15-SNAPSHOT.jar;C:\Users\SINGOR\.m2\repository\org\eclipse\angus\jakarta.mail\1.1.0\jakarta.mail-1.1.0.jar;C:\Users\SINGOR\.m2\repository\org\eclipse\angus\angus-activation\2.0.1\angus-activation-2.0.1.jar;C:\Users\SINGOR\.m2\repository\cn\hutool\hutool-all\5.8.18\hutool-all-5.8.18.jar;"/>
    <property name="java.vm.vendor" value="Oracle Corporation"/>
    <property name="sun.arch.data.model" value="64"/>
    <property name="user.variant" value=""/>
    <property name="java.vendor.url" value="https://java.oracle.com/"/>
    <property name="user.timezone" value="Asia/Hong_Kong"/>
    <property name="os.name" value="Windows 10"/>
    <property name="java.vm.specification.version" value="18"/>
    <property name="sun.java.launcher" value="SUN_STANDARD"/>
    <property name="user.country" value="CN"/>
    <property name="sun.boot.library.path" value="E:\JDE\bin"/>
    <property name="sun.java.command" value="C:\Users\SINGOR\AppData\Local\Temp\surefire14936932575030015734\surefirebooter-20231212220112234_3.jar C:\Users\SINGOR\AppData\Local\Temp\surefire14936932575030015734 2023-12-12T22-01-12_153-jvmRun1 surefire-20231212220112234_1tmp surefire_0-20231212220112234_2tmp"/>
    <property name="jdk.debug" value="release"/>
    <property name="surefire.test.class.path" value="D:\github\Online_shop\springboot-web\target\test-classes;D:\github\Online_shop\springboot-web\target\classes;C:\Users\SINGOR\.m2\repository\org\springframework\boot\spring-boot-starter-web\3.1.7-SNAPSHOT\spring-boot-starter-web-3.1.7-SNAPSHOT.jar;C:\Users\SINGOR\.m2\repository\org\springframework\boot\spring-boot-starter\3.1.7-SNAPSHOT\spring-boot-starter-3.1.7-SNAPSHOT.jar;C:\Users\SINGOR\.m2\repository\org\springframework\boot\spring-boot\3.1.7-SNAPSHOT\spring-boot-3.1.7-SNAPSHOT.jar;C:\Users\SINGOR\.m2\repository\org\springframework\boot\spring-boot-autoconfigure\3.1.7-SNAPSHOT\spring-boot-autoconfigure-3.1.7-SNAPSHOT.jar;C:\Users\SINGOR\.m2\repository\org\springframework\boot\spring-boot-starter-logging\3.1.7-SNAPSHOT\spring-boot-starter-logging-3.1.7-SNAPSHOT.jar;C:\Users\SINGOR\.m2\repository\ch\qos\logback\logback-classic\1.4.11\logback-classic-1.4.11.jar;C:\Users\SINGOR\.m2\repository\ch\qos\logback\logback-core\1.4.11\logback-core-1.4.11.jar;C:\Users\SINGOR\.m2\repository\org\apache\logging\log4j\log4j-to-slf4j\2.20.0\log4j-to-slf4j-2.20.0.jar;C:\Users\SINGOR\.m2\repository\org\apache\logging\log4j\log4j-api\2.20.0\log4j-api-2.20.0.jar;C:\Users\SINGOR\.m2\repository\org\slf4j\jul-to-slf4j\2.0.9\jul-to-slf4j-2.0.9.jar;C:\Users\SINGOR\.m2\repository\jakarta\annotation\jakarta.annotation-api\2.1.1\jakarta.annotation-api-2.1.1.jar;C:\Users\SINGOR\.m2\repository\org\yaml\snakeyaml\1.33\snakeyaml-1.33.jar;C:\Users\SINGOR\.m2\repository\org\springframework\boot\spring-boot-starter-json\3.1.7-SNAPSHOT\spring-boot-starter-json-3.1.7-SNAPSHOT.jar;C:\Users\SINGOR\.m2\repository\com\fasterxml\jackson\datatype\jackson-datatype-jdk8\2.15.3\jackson-datatype-jdk8-2.15.3.jar;C:\Users\SINGOR\.m2\repository\com\fasterxml\jackson\datatype\jackson-datatype-jsr310\2.15.3\jackson-datatype-jsr310-2.15.3.jar;C:\Users\SINGOR\.m2\repository\com\fasterxml\jackson\module\jackson-module-parameter-names\2.15.3\jackson-module-parameter-names-2.15.3.jar;C:\Users\SINGOR\.m2\repository\org\springframework\boot\spring-boot-starter-tomcat\3.1.7-SNAPSHOT\spring-boot-starter-tomcat-3.1.7-SNAPSHOT.jar;C:\Users\SINGOR\.m2\repository\org\apache\tomcat\embed\tomcat-embed-core\10.1.16\tomcat-embed-core-10.1.16.jar;C:\Users\SINGOR\.m2\repository\org\apache\tomcat\embed\tomcat-embed-el\10.1.16\tomcat-embed-el-10.1.16.jar;C:\Users\SINGOR\.m2\repository\org\apache\tomcat\embed\tomcat-embed-websocket\10.1.16\tomcat-embed-websocket-10.1.16.jar;C:\Users\SINGOR\.m2\repository\org\springframework\spring-web\6.0.15-SNAPSHOT\spring-web-6.0.15-SNAPSHOT.jar;C:\Users\SINGOR\.m2\repository\org\springframework\spring-beans\6.0.15-SNAPSHOT\spring-beans-6.0.15-SNAPSHOT.jar;C:\Users\SINGOR\.m2\repository\io\micrometer\micrometer-observation\1.11.7-SNAPSHOT\micrometer-observation-1.11.7-SNAPSHOT.jar;C:\Users\SINGOR\.m2\repository\io\micrometer\micrometer-commons\1.11.7-SNAPSHOT\micrometer-commons-1.11.7-SNAPSHOT.jar;C:\Users\SINGOR\.m2\repository\org\springframework\spring-webmvc\6.0.15-SNAPSHOT\spring-webmvc-6.0.15-SNAPSHOT.jar;C:\Users\SINGOR\.m2\repository\org\springframework\spring-aop\6.0.15-SNAPSHOT\spring-aop-6.0.15-SNAPSHOT.jar;C:\Users\SINGOR\.m2\repository\org\springframework\spring-context\6.0.15-SNAPSHOT\spring-context-6.0.15-SNAPSHOT.jar;C:\Users\SINGOR\.m2\repository\org\springframework\spring-expression\6.0.15-SNAPSHOT\spring-expression-6.0.15-SNAPSHOT.jar;C:\Users\SINGOR\.m2\repository\org\mybatis\spring\boot\mybatis-spring-boot-starter\3.0.2\mybatis-spring-boot-starter-3.0.2.jar;C:\Users\SINGOR\.m2\repository\org\springframework\boot\spring-boot-starter-jdbc\3.1.7-SNAPSHOT\spring-boot-starter-jdbc-3.1.7-SNAPSHOT.jar;C:\Users\SINGOR\.m2\repository\com\zaxxer\HikariCP\5.0.1\HikariCP-5.0.1.jar;C:\Users\SINGOR\.m2\repository\org\springframework\spring-jdbc\6.0.15-SNAPSHOT\spring-jdbc-6.0.15-SNAPSHOT.jar;C:\Users\SINGOR\.m2\repository\org\mybatis\spring\boot\mybatis-spring-boot-autoconfigure\3.0.2\mybatis-spring-boot-autoconfigure-3.0.2.jar;C:\Users\SINGOR\.m2\repository\org\mybatis\mybatis\3.5.13\mybatis-3.5.13.jar;C:\Users\SINGOR\.m2\repository\org\mybatis\mybatis-spring\3.0.2\mybatis-spring-3.0.2.jar;C:\Users\SINGOR\.m2\repository\com\mysql\mysql-connector-j\8.0.33\mysql-connector-j-8.0.33.jar;C:\Users\SINGOR\.m2\repository\org\projectlombok\lombok\1.18.30\lombok-1.18.30.jar;C:\Users\SINGOR\.m2\repository\org\springframework\boot\spring-boot-starter-test\3.1.7-SNAPSHOT\spring-boot-starter-test-3.1.7-SNAPSHOT.jar;C:\Users\SINGOR\.m2\repository\org\springframework\boot\spring-boot-test\3.1.7-SNAPSHOT\spring-boot-test-3.1.7-SNAPSHOT.jar;C:\Users\SINGOR\.m2\repository\org\springframework\boot\spring-boot-test-autoconfigure\3.1.7-SNAPSHOT\spring-boot-test-autoconfigure-3.1.7-SNAPSHOT.jar;C:\Users\SINGOR\.m2\repository\com\jayway\jsonpath\json-path\2.8.0\json-path-2.8.0.jar;C:\Users\SINGOR\.m2\repository\org\slf4j\slf4j-api\2.0.9\slf4j-api-2.0.9.jar;C:\Users\SINGOR\.m2\repository\jakarta\xml\bind\jakarta.xml.bind-api\4.0.1\jakarta.xml.bind-api-4.0.1.jar;C:\Users\SINGOR\.m2\repository\jakarta\activation\jakarta.activation-api\2.1.2\jakarta.activation-api-2.1.2.jar;C:\Users\SINGOR\.m2\repository\net\minidev\json-smart\2.4.11\json-smart-2.4.11.jar;C:\Users\SINGOR\.m2\repository\net\minidev\accessors-smart\2.4.11\accessors-smart-2.4.11.jar;C:\Users\SINGOR\.m2\repository\org\ow2\asm\asm\9.3\asm-9.3.jar;C:\Users\SINGOR\.m2\repository\org\assertj\assertj-core\3.24.2\assertj-core-3.24.2.jar;C:\Users\SINGOR\.m2\repository\net\bytebuddy\byte-buddy\1.14.10\byte-buddy-1.14.10.jar;C:\Users\SINGOR\.m2\repository\org\hamcrest\hamcrest\2.2\hamcrest-2.2.jar;C:\Users\SINGOR\.m2\repository\org\junit\jupiter\junit-jupiter\5.9.3\junit-jupiter-5.9.3.jar;C:\Users\SINGOR\.m2\repository\org\junit\jupiter\junit-jupiter-api\5.9.3\junit-jupiter-api-5.9.3.jar;C:\Users\SINGOR\.m2\repository\org\opentest4j\opentest4j\1.2.0\opentest4j-1.2.0.jar;C:\Users\SINGOR\.m2\repository\org\junit\platform\junit-platform-commons\1.9.3\junit-platform-commons-1.9.3.jar;C:\Users\SINGOR\.m2\repository\org\apiguardian\apiguardian-api\1.1.2\apiguardian-api-1.1.2.jar;C:\Users\SINGOR\.m2\repository\org\junit\jupiter\junit-jupiter-params\5.9.3\junit-jupiter-params-5.9.3.jar;C:\Users\SINGOR\.m2\repository\org\junit\jupiter\junit-jupiter-engine\5.9.3\junit-jupiter-engine-5.9.3.jar;C:\Users\SINGOR\.m2\repository\org\junit\platform\junit-platform-engine\1.9.3\junit-platform-engine-1.9.3.jar;C:\Users\SINGOR\.m2\repository\org\mockito\mockito-core\5.3.1\mockito-core-5.3.1.jar;C:\Users\SINGOR\.m2\repository\net\bytebuddy\byte-buddy-agent\1.14.10\byte-buddy-agent-1.14.10.jar;C:\Users\SINGOR\.m2\repository\org\objenesis\objenesis\3.3\objenesis-3.3.jar;C:\Users\SINGOR\.m2\repository\org\mockito\mockito-junit-jupiter\5.3.1\mockito-junit-jupiter-5.3.1.jar;C:\Users\SINGOR\.m2\repository\org\skyscreamer\jsonassert\1.5.1\jsonassert-1.5.1.jar;C:\Users\SINGOR\.m2\repository\com\vaadin\external\google\android-json\0.0.20131108.vaadin1\android-json-0.0.20131108.vaadin1.jar;C:\Users\SINGOR\.m2\repository\org\springframework\spring-core\6.0.15-SNAPSHOT\spring-core-6.0.15-SNAPSHOT.jar;C:\Users\SINGOR\.m2\repository\org\springframework\spring-jcl\6.0.15-SNAPSHOT\spring-jcl-6.0.15-SNAPSHOT.jar;C:\Users\SINGOR\.m2\repository\org\springframework\spring-test\6.0.15-SNAPSHOT\spring-test-6.0.15-SNAPSHOT.jar;C:\Users\SINGOR\.m2\repository\org\xmlunit\xmlunit-core\2.9.1\xmlunit-core-2.9.1.jar;C:\Users\SINGOR\.m2\repository\org\mybatis\spring\boot\mybatis-spring-boot-starter-test\3.0.2\mybatis-spring-boot-starter-test-3.0.2.jar;C:\Users\SINGOR\.m2\repository\org\mybatis\spring\boot\mybatis-spring-boot-test-autoconfigure\3.0.2\mybatis-spring-boot-test-autoconfigure-3.0.2.jar;C:\Users\SINGOR\.m2\repository\org\springframework\spring-tx\6.0.15-SNAPSHOT\spring-tx-6.0.15-SNAPSHOT.jar;C:\Users\SINGOR\.m2\repository\io\jsonwebtoken\jjwt\0.9.1\jjwt-0.9.1.jar;C:\Users\SINGOR\.m2\repository\com\fasterxml\jackson\core\jackson-databind\2.15.3\jackson-databind-2.15.3.jar;C:\Users\SINGOR\.m2\repository\com\fasterxml\jackson\core\jackson-annotations\2.15.3\jackson-annotations-2.15.3.jar;C:\Users\SINGOR\.m2\repository\com\fasterxml\jackson\core\jackson-core\2.15.3\jackson-core-2.15.3.jar;C:\Users\SINGOR\.m2\repository\javax\xml\bind\jaxb-api\2.3.1\jaxb-api-2.3.1.jar;C:\Users\SINGOR\.m2\repository\javax\activation\javax.activation-api\1.2.0\javax.activation-api-1.2.0.jar;C:\Users\SINGOR\.m2\repository\com\alibaba\fastjson\2.0.32\fastjson-2.0.32.jar;C:\Users\SINGOR\.m2\repository\com\alibaba\fastjson2\fastjson2-extension\2.0.32\fastjson2-extension-2.0.32.jar;C:\Users\SINGOR\.m2\repository\com\alibaba\fastjson2\fastjson2\2.0.32\fastjson2-2.0.32.jar;C:\Users\SINGOR\.m2\repository\org\springframework\boot\spring-boot-starter-mail\3.1.7-SNAPSHOT\spring-boot-starter-mail-3.1.7-SNAPSHOT.jar;C:\Users\SINGOR\.m2\repository\org\springframework\spring-context-support\6.0.15-SNAPSHOT\spring-context-support-6.0.15-SNAPSHOT.jar;C:\Users\SINGOR\.m2\repository\org\eclipse\angus\jakarta.mail\1.1.0\jakarta.mail-1.1.0.jar;C:\Users\SINGOR\.m2\repository\org\eclipse\angus\angus-activation\2.0.1\angus-activation-2.0.1.jar;C:\Users\SINGOR\.m2\repository\cn\hutool\hutool-all\5.8.18\hutool-all-5.8.18.jar;"/>
    <property name="sun.cpu.endian" value="little"/>
    <property name="user.home" value="C:\Users\SINGOR"/>
    <property name="user.language" value="zh"/>
    <property name="java.specification.vendor" value="Oracle Corporation"/>
    <property name="java.version.date" value="2022-08-18"/>
    <property name="java.home" value="E:\JDE"/>
    <property name="file.separator" value="\"/>
    <property name="basedir" value="D:\github\Online_shop\springboot-web"/>
    <property name="java.vm.compressedOopsMode" value="Zero based"/>
    <property name="line.separator" value="&#10;"/>
    <property name="java.vm.specification.vendor" value="Oracle Corporation"/>
    <property name="java.specification.name" value="Java Platform API Specification"/>
    <property name="surefire.real.class.path" value="C:\Users\SINGOR\AppData\Local\Temp\surefire14936932575030015734\surefirebooter-20231212220112234_3.jar"/>
    <property name="user.script" value=""/>
    <property name="sun.management.compiler" value="HotSpot 64-Bit Tiered Compilers"/>
    <property name="java.runtime.version" value="18.0.2.1+1-1"/>
    <property name="user.name" value="SINGOR"/>
    <property name="path.separator" value=";"/>
    <property name="os.version" value="10.0"/>
    <property name="java.runtime.name" value="Java(TM) SE Runtime Environment"/>
    <property name="file.encoding" value="UTF-8"/>
    <property name="java.vm.name" value="Java HotSpot(TM) 64-Bit Server VM"/>
    <property name="localRepository" value="C:\Users\SINGOR\.m2\repository"/>
    <property name="java.vendor.url.bug" value="https://bugreport.java.com/bugreport/"/>
    <property name="java.io.tmpdir" value="C:\Users\SINGOR\AppData\Local\Temp\"/>
    <property name="idea.version" value="2023.2.5"/>
    <property name="java.version" value="18.0.2.1"/>
    <property name="user.dir" value="D:\github\Online_shop\springboot-web"/>
    <property name="os.arch" value="amd64"/>
    <property name="java.vm.specification.name" value="Java Virtual Machine Specification"/>
    <property name="sun.os.patch.level" value=""/>
    <property name="native.encoding" value="GBK"/>
    <property name="java.library.path" value="E:\JDE\bin;C:\Windows\Sun\Java\bin;C:\Windows\system32;C:\Windows;D:\virtual machine\bin\;C:\Program Files (x86)\Common Files\Intel\Shared Libraries\redist\intel64_win\compiler;C:\Program Files\Common Files\Oracle\Java\javapath;C:\Program Files (x86)\Common Files\Oracle\Java\javapath;D:\Python\Scripts\;D:\Python\;C:\Program Files (x86)\Common Files\Intel\Shared Libraries\redist\intel64\compiler;C:\Windows\system32;C:\Windows;C:\Windows\System32\Wbem;C:\Windows\System32\WindowsPowerShell\v1.0\;C:\Windows\System32\OpenSSH\;C:\Program Files (x86)\NVIDIA Corporation\PhysX\Common;C:\Program Files\NVIDIA Corporation\NVIDIA NvDLISR;C:\Program Files\PuTTY\;C:\Program Files\dotnet\;E:\JDE\bin;D:\Vim\vim90;E:\Qt1\5.15.2\msvc2019_64\bin;C:\Program Files\Azure Data Studio\bin;D:\github desktop\Git\cmd;D:\MySQL\MySQL server 8.0\bin;D:\node_js\node_js\;D:\maven\apache-maven-3.9.5\bin;C:\Users\SINGOR\AppData\Local\Microsoft\WindowsApps;D:\VSstudio\Microsoft VS Code\bin;D:\PyCharm\PyCharm Community Edition 2023.2.3\bin;;C:\Program Files\Azure Data Studio\bin;C:\Users\SINGOR\AppData\Local\GitHubDesktop\bin;D:\idea\IntelliJ IDEA 2023.2.3\bin;;D:\PyCharm\PyCharm 2023.2.3\bin;;D:\node_js\node_js\node_global;;."/>
    <property name="java.vm.info" value="mixed mode, sharing"/>
    <property name="java.vendor" value="Oracle Corporation"/>
    <property name="java.vm.version" value="18.0.2.1+1-1"/>
    <property name="sun.io.unicode.encoding" value="UnicodeLittle"/>
    <property name="java.class.version" value="62.0"/>
  </properties>
  <testcase name="showtime" classname="com.shop.SpringbootWebApplicationTests" time="0.016">
    <system-out><![CDATA[2023-12-12 22:01:12.74
2023-12-12 22:01:12
]]></system-out>
  </testcase>
  <testcase name="contextLoads" classname="com.shop.SpringbootWebApplicationTests" time="0.001"/>
  <testcase name="checkjwt" classname="com.shop.SpringbootWebApplicationTests" time="0"/>
</testsuite>